<?xml version="1.0" encoding="UTF-8"?>
<!-- Generated by org.testng.reporters.JUnitXMLReporter -->
<testsuite ignored="4" hostname="Chitra" failures="0" tests="1" name="Default test" time="17.835" errors="0" timestamp="2023-02-19T16:29:48 CST">
  <testcase classname="TestCases.LoginModule" name="TestCase5" time="8.734"/>
  <testcase classname="TestCases.LoginModule" name="TestCase2" time="0.0">
    <ignored/>
  </testcase> <!-- TestCase2 -->
  <testcase classname="TestCases.LoginModule" name="TestCase1" time="0.0">
    <ignored/>
  </testcase> <!-- TestCase1 -->
  <testcase classname="TestCases.LoginModule" name="TestCase4" time="0.0">
    <ignored/>
  </testcase> <!-- TestCase4 -->
  <testcase classname="TestCases.LoginModule" name="TestCase3" time="0.0">
    <ignored/>
  </testcase> <!-- TestCase3 -->
</testsuite> <!-- Default test -->
