<?xml version="1.0" encoding="UTF-8"?>
<testng-results ignored="4" total="5" passed="1" failed="0" skipped="0">
  <reporter-output>
  </reporter-output>
  <suite started-at="2023-02-19T16:29:29 CST" name="Default suite" finished-at="2023-02-19T16:29:47 CST" duration-ms="17835">
    <groups>
    </groups>
    <test started-at="2023-02-19T16:29:29 CST" name="Default test" finished-at="2023-02-19T16:29:47 CST" duration-ms="17835">
      <class name="TestCases.LoginModule">
        <test-method is-config="true" signature="setBeforeTest()[pri:0, instance:TestCases.LoginModule@6da21078]" started-at="2023-02-19T16:29:30 CST" name="setBeforeTest" finished-at="2023-02-19T16:29:30 CST" duration-ms="633" status="PASS">
          <reporter-output>
          </reporter-output>
        </test-method> <!-- setBeforeTest -->
        <test-method is-config="true" signature="beforemethod(java.lang.reflect.Method)[pri:0, instance:TestCases.LoginModule@6da21078]" started-at="2023-02-19T16:29:30 CST" name="beforemethod" finished-at="2023-02-19T16:29:36 CST" duration-ms="6006" status="PASS">
          <params>
            <param index="0">
              <value>
                <![CDATA[public void TestCases.LoginModule.TestCase5() throws java.lang.InterruptedException,java.io.IOException]]>
              </value>
            </param>
          </params>
          <reporter-output>
          </reporter-output>
        </test-method> <!-- beforemethod -->
        <test-method signature="TestCase5()[pri:5, instance:TestCases.LoginModule@6da21078]" started-at="2023-02-19T16:29:36 CST" name="TestCase5" finished-at="2023-02-19T16:29:45 CST" duration-ms="8734" status="PASS">
          <reporter-output>
          </reporter-output>
        </test-method> <!-- TestCase5 -->
        <test-method is-config="true" signature="aftermethod(java.lang.reflect.Method)[pri:0, instance:TestCases.LoginModule@6da21078]" started-at="2023-02-19T16:29:45 CST" name="aftermethod" finished-at="2023-02-19T16:29:47 CST" duration-ms="2066" status="PASS">
          <params>
            <param index="0">
              <value>
                <![CDATA[public void TestCases.LoginModule.TestCase5() throws java.lang.InterruptedException,java.io.IOException]]>
              </value>
            </param>
          </params>
          <reporter-output>
          </reporter-output>
        </test-method> <!-- aftermethod -->
      </class> <!-- TestCases.LoginModule -->
    </test> <!-- Default test -->
  </suite> <!-- Default suite -->
</testng-results>
